{
  "RSpec": {
    "coverage": {
      "/Users/troiani/Developer/MariaRonin/weekProject/Motivation/app/controllers/api/obstacles_controller.rb": [
        1,
        1,
        1,
        1,
        null,
        1,
        2,
        null,
        null,
        1,
        2,
        2,
        null,
        null,
        1,
        6,
        6,
        6,
        3,
        null,
        3,
        null,
        null,
        null,
        1,
        2,
        2,
        2,
        null,
        0,
        null,
        null,
        null,
        1,
        2,
        2,
        2,
        null,
        null,
        1,
        null,
        1,
        8,
        null,
        null,
        1,
        20,
        20,
        null,
        null,
        1,
        20,
        null,
        null,
        null
      ],
      "/Users/troiani/Developer/MariaRonin/weekProject/Motivation/app/controllers/application_controller.rb": [
        1,
        1,
        null,
        null,
        1,
        null
      ],
      "/Users/troiani/Developer/MariaRonin/weekProject/Motivation/spec/controllers/api/streaks_controller_spec.rb": [
        1,
        null,
        1,
        null,
        1,
        null,
        1,
        1,
        2,
        2,
        2,
        10,
        2,
        2,
        null,
        null,
        1,
        1,
        null,
        null,
        2,
        null,
        null,
        1,
        1,
        1,
        1,
        1,
        1,
        5,
        1,
        1,
        null,
        null,
        2,
        null,
        null,
        null,
        null
      ],
      "/Users/troiani/Developer/MariaRonin/weekProject/Motivation/app/controllers/api/streaks_controller.rb": [
        1,
        1,
        1,
        1,
        1,
        null,
        1,
        2,
        2,
        null,
        null,
        1,
        0,
        0,
        0,
        null,
        0,
        null,
        null,
        null,
        1,
        null,
        1,
        3,
        null,
        null,
        1,
        0,
        null,
        null,
        1,
        3,
        null,
        null,
        1,
        3,
        3,
        null,
        null,
        null
      ],
      "/Users/troiani/Developer/MariaRonin/weekProject/Motivation/spec/controllers/api/wishes_controller_spec.rb": [
        1,
        null,
        1,
        null,
        1,
        1,
        1,
        2,
        2,
        2,
        2,
        null,
        null,
        1,
        1,
        null,
        null,
        2,
        null,
        null,
        null,
        null,
        1,
        null,
        1,
        1,
        2,
        10,
        2,
        2,
        null,
        null,
        1,
        1,
        null,
        null,
        2,
        null,
        null,
        1,
        1,
        1,
        1,
        5,
        1,
        1,
        null,
        null,
        1,
        1,
        null,
        null,
        null,
        null,
        1,
        1,
        1,
        2,
        2,
        2,
        2,
        null,
        null,
        1,
        1,
        null,
        null,
        2,
        null,
        null,
        1,
        1,
        3,
        3,
        3,
        3,
        null,
        null,
        1,
        1,
        null,
        null,
        1,
        1,
        1,
        null,
        null,
        2,
        null,
        null,
        null,
        1,
        1,
        2,
        2,
        2,
        null,
        null,
        1,
        1,
        2,
        null,
        null,
        1,
        1,
        1,
        null,
        null,
        2,
        null,
        null,
        null,
        1,
        1,
        1,
        1,
        1,
        1,
        null,
        null,
        2,
        null,
        null,
        null
      ],
      "/Users/troiani/Developer/MariaRonin/weekProject/Motivation/app/controllers/api/wishes_controller.rb": [
        1,
        1,
        null,
        1,
        null,
        1,
        2,
        null,
        null,
        1,
        3,
        null,
        null,
        1,
        5,
        5,
        2,
        null,
        3,
        null,
        null,
        null,
        1,
        2,
        2,
        2,
        null,
        0,
        null,
        null,
        null,
        1,
        1,
        1,
        1,
        null,
        null,
        1,
        null,
        1,
        7,
        null,
        null
      ],
      "/Users/troiani/Developer/MariaRonin/weekProject/Motivation/spec/models/obstacle_spec.rb": [
        1,
        null,
        1,
        null,
        7,
        null,
        7,
        null,
        2,
        2,
        2,
        2,
        2,
        2,
        null
      ],
      "/Users/troiani/Developer/MariaRonin/weekProject/Motivation/app/models/obstacle.rb": [
        1,
        null,
        1,
        1,
        1,
        null,
        null
      ],
      "/Users/troiani/Developer/MariaRonin/weekProject/Motivation/spec/models/streak_spec.rb": [
        1,
        null,
        1,
        null,
        2,
        null,
        null,
        null
      ],
      "/Users/troiani/Developer/MariaRonin/weekProject/Motivation/app/models/streak.rb": [
        1,
        null,
        1,
        null,
        1,
        null
      ],
      "/Users/troiani/Developer/MariaRonin/weekProject/Motivation/spec/models/user_spec.rb": [
        1,
        null,
        1,
        null,
        9,
        null,
        9,
        null,
        2,
        2,
        2,
        2,
        2,
        2,
        2,
        2,
        null
      ],
      "/Users/troiani/Developer/MariaRonin/weekProject/Motivation/spec/models/wish_spec.rb": [
        1,
        null,
        1,
        null,
        2,
        2,
        2,
        2,
        2,
        2,
        null
      ],
      "/Users/troiani/Developer/MariaRonin/weekProject/Motivation/app/models/wish.rb": [
        1,
        null,
        1,
        null,
        1,
        1,
        null
      ]
    },
    "timestamp": 1466597818
  }
}
